<?xml version="1.0" encoding="UTF-8"?>
<testsuite name="CarMapTest" tests="5" skipped="0" failures="0" errors="0" timestamp="2021-04-02T19:30:27" hostname="DESKTOP-99HVOF6" time="0.02">
  <properties/>
  <testcase name="methodGetMustReturnRightValue" classname="CarMapTest" time="0.01"/>
  <testcase name="removeReturnTrueOnlyOnce" classname="CarMapTest" time="0.001"/>
  <testcase name="whenPut100ElementThenSizeBecome100" classname="CarMapTest" time="0.003"/>
  <testcase name="whenPut100ElementWith10DifferentKeysThenSize10" classname="CarMapTest" time="0.002"/>
  <testcase name="countOfKeysBeEqualsToCountOfValues" classname="CarMapTest" time="0.002"/>
  <system-out><![CDATA[]]></system-out>
  <system-err><![CDATA[]]></system-err>
</testsuite>
